1492175420189	geckodriver	INFO	Listening on 127.0.0.1:56899
1492175421230	mozprofile::profile	INFO	Using profile path /tmp/rust_mozprofile.bylZ0TN1X8zh
1492175421231	geckodriver::marionette	INFO	Starting browser /usr/bin/firefox with args []
1492175421240	geckodriver::marionette	INFO	Connecting to Marionette on localhost:36129
1492175422583	Marionette	INFO	Listening on port 36129
1492175423664	Marionette	WARN	TLS certificate errors will be ignored for this session
1492175426327	Marionette	INFO	New connections will no longer be accepted
[Child 6681] ###!!! ABORT: Aborting on channel error.: file /build/firefox-bLMGaO/firefox-52.0.2+build1/ipc/glue/MessageChannel.cpp, line 2143
[Child 6681] ###!!! ABORT: Aborting on channel error.: file /build/firefox-bLMGaO/firefox-52.0.2+build1/ipc/glue/MessageChannel.cpp, line 2143
1492192158190	geckodriver	INFO	Listening on 127.0.0.1:51807
1492192159238	mozprofile::profile	INFO	Using profile path /tmp/rust_mozprofile.Sr4iKdUlXaWm
1492192159239	geckodriver::marionette	INFO	Starting browser /usr/bin/firefox with args []
1492192159270	geckodriver::marionette	INFO	Connecting to Marionette on localhost:33046
1492192164874	Marionette	INFO	Listening on port 33046
1492192166629	Marionette	WARN	TLS certificate errors will be ignored for this session
1492192170045	Marionette	INFO	New connections will no longer be accepted
[Child 2441] ###!!! ABORT: Aborting on channel error.: file /build/firefox-bLMGaO/firefox-52.0.2+build1/ipc/glue/MessageChannel.cpp, line 2143
[Child 2441] ###!!! ABORT: Aborting on channel error.: file /build/firefox-bLMGaO/firefox-52.0.2+build1/ipc/glue/MessageChannel.cpp, line 2143

###!!! [Child][MessageChannel] Error: (msgtype=0x3E0003,name=PCompositable::Msg_Destroy) Channel error: cannot send/recv


###!!! [Child][MessageChannel] Error: (msgtype=0x3E0003,name=PCompositable::Msg_Destroy) Channel error: cannot send/recv

1492192203282	geckodriver	INFO	Listening on 127.0.0.1:43418
1492192204321	mozprofile::profile	INFO	Using profile path /tmp/rust_mozprofile.vi6nZjnilWSL
1492192204323	geckodriver::marionette	INFO	Starting browser /usr/bin/firefox with args []
1492192204330	geckodriver::marionette	INFO	Connecting to Marionette on localhost:40603
1492192205562	Marionette	INFO	Listening on port 40603
1492192206605	Marionette	WARN	TLS certificate errors will be ignored for this session
1492192209040	Marionette	INFO	New connections will no longer be accepted

###!!! [Child][MessageChannel] Error: (msgtype=0x3E0003,name=PCompositable::Msg_Destroy) Channel error: cannot send/recv


###!!! [Child][MessageChannel] Error: (msgtype=0xE40003,name=PTexture::Msg_Destroy) Channel error: cannot send/recv

[Child 2656] WARNING: pipe error (3): Connection reset by peer: file /build/firefox-bLMGaO/firefox-52.0.2+build1/ipc/chromium/src/chrome/common/ipc_channel_posix.cc, line 322
[Child 2656] ###!!! ABORT: Aborting on channel error.: file /build/firefox-bLMGaO/firefox-52.0.2+build1/ipc/glue/MessageChannel.cpp, line 2143
[Child 2656] ###!!! ABORT: Aborting on channel error.: file /build/firefox-bLMGaO/firefox-52.0.2+build1/ipc/glue/MessageChannel.cpp, line 2143
